16:36:36 **** Incremental Build of configuration Debug for project LED_Controller_Host ****
make all 
Building file: ../src/DeviceManager.cpp
Invoking: GCC C++ Compiler
g++ -std=c++1y -I/usr/include/libusb-1.0/ -I"/home/andre/eclipse/LEDcontroller/_Common/Any/inc" -O0 -g3 -Wall -c -fmessage-length=0 -fpermissive -MMD -MP -MF"src/DeviceManager.d" -MT"src/DeviceManager.o" -o "src/DeviceManager.o" "../src/DeviceManager.cpp"
../src/DeviceManager.cpp: In constructor ‘DeviceManager::DeviceManager()’:
../src/DeviceManager.cpp:17:83: let op: invalid conversion from ‘int’ to ‘libusb_hotplug_event’ [-fpermissive]
  res = libusb_hotplug_register_callback(NULL, LIBUSB_HOTPLUG_EVENT_DEVICE_ARRIVED |
                                               ~~~~~~~~~~~~~~~~~~~~~~~~~~~~~~~~~~~~^
    LIBUSB_HOTPLUG_EVENT_DEVICE_LEFT, 0, 0x045a, 0x5005,
    ~~~~~~~~~~~~~~~~~~~~~~~~~~~~~~~~                                                
In file included from ../src/LedController.h:12:0,
                 from ../src/DeviceManager.h:14,
                 from ../src/DeviceManager.cpp:8:
/usr/include/libusb-1.0/libusb.h:1981:17: note:   initializing argument 2 of ‘int libusb_hotplug_register_callback(libusb_context*, libusb_hotplug_event, libusb_hotplug_flag, int, int, int, libusb_hotplug_callback_fn, void*, libusb_hotplug_callback_handle*)’
 int LIBUSB_CALL libusb_hotplug_register_callback(libusb_context *ctx,
                 ^~~~~~~~~~~~~~~~~~~~~~~~~~~~~~~~
../src/DeviceManager.cpp:20:11: let op: invalid conversion from ‘int’ to ‘libusb_hotplug_flag’ [-fpermissive]
    &handle);
           ^
In file included from ../src/LedController.h:12:0,
                 from ../src/DeviceManager.h:14,
                 from ../src/DeviceManager.cpp:8:
/usr/include/libusb-1.0/libusb.h:1981:17: note:   initializing argument 3 of ‘int libusb_hotplug_register_callback(libusb_context*, libusb_hotplug_event, libusb_hotplug_flag, int, int, int, libusb_hotplug_callback_fn, void*, libusb_hotplug_callback_handle*)’
 int LIBUSB_CALL libusb_hotplug_register_callback(libusb_context *ctx,
                 ^~~~~~~~~~~~~~~~~~~~~~~~~~~~~~~~
Finished building: ../src/DeviceManager.cpp
 
Building file: ../src/ITPHController.cpp
Invoking: GCC C++ Compiler
g++ -std=c++1y -I/usr/include/libusb-1.0/ -I"/home/andre/eclipse/LEDcontroller/_Common/Any/inc" -O0 -g3 -Wall -c -fmessage-length=0 -fpermissive -MMD -MP -MF"src/ITPHController.d" -MT"src/ITPHController.o" -o "src/ITPHController.o" "../src/ITPHController.cpp"
../src/ITPHController.cpp: In constructor ‘ITPHController::ITPHController(libusb_device*)’:
../src/ITPHController.cpp:21:6: fout: redeclaration of ‘int retval’
  int retval;
      ^~~~~~
../src/ITPHController.cpp:17:6: note: ‘int retval’ previously declared here
  int retval = libusb_open(dev, &handle);
      ^~~~~~
../src/ITPHController.cpp:27:17: fout: ambiguous overload for ‘operator=’ (operand types are ‘std::__cxx11::string {aka std::__cxx11::basic_string<char>}’ and ‘uint8_t [256] {aka unsigned char [256]}’)
  this->serial = serial;
                 ^~~~~~
In file included from /usr/include/c++/6.3.1/string:52:0,
                 from ../src/LedController.h:11,
                 from ../src/ITPHController.h:11,
                 from ../src/ITPHController.cpp:8:
/usr/include/c++/6.3.1/bits/basic_string.h:604:7: note: candidate: std::__cxx11::basic_string<_CharT, _Traits, _Alloc>& std::__cxx11::basic_string<_CharT, _Traits, _Alloc>::operator=(const _CharT*) [with _CharT = char; _Traits = std::char_traits<char>; _Alloc = std::allocator<char>] <near match>
       operator=(const _CharT* __s)
       ^~~~~~~~
/usr/include/c++/6.3.1/bits/basic_string.h:604:7: note:   conversion of argument 1 would be ill-formed:
../src/ITPHController.cpp:27:17: let op: invalid conversion from ‘uint8_t* {aka unsigned char*}’ to ‘const char*’ [-fpermissive]
  this->serial = serial;
                 ^~~~~~
In file included from /usr/include/c++/6.3.1/string:52:0,
                 from ../src/LedController.h:11,
                 from ../src/ITPHController.h:11,
                 from ../src/ITPHController.cpp:8:
/usr/include/c++/6.3.1/bits/basic_string.h:615:7: note: candidate: std::__cxx11::basic_string<_CharT, _Traits, _Alloc>& std::__cxx11::basic_string<_CharT, _Traits, _Alloc>::operator=(_CharT) [with _CharT = char; _Traits = std::char_traits<char>; _Alloc = std::allocator<char>] <near match>
       operator=(_CharT __c)
       ^~~~~~~~
/usr/include/c++/6.3.1/bits/basic_string.h:615:7: note:   conversion of argument 1 would be ill-formed:
../src/ITPHController.cpp:27:17: let op: invalid conversion from ‘uint8_t* {aka unsigned char*}’ to ‘char’ [-fpermissive]
  this->serial = serial;
                 ^~~~~~
../src/ITPHController.cpp: In static member function ‘static bool ITPHController::isSupportedDevice(libusb_device*)’:
../src/ITPHController.cpp:62:81: let op: invalid conversion from ‘uint8_t* {aka unsigned char*}’ to ‘const char*’ [-fpermissive]
   if (strcmp("The IT Philosoher (https://www.philosopher.it)", string_descriptor)) {
                                                                                 ^
In file included from ../src/ITPHController.cpp:10:0:
/usr/include/string.h:141:12: note:   initializing argument 2 of ‘int strcmp(const char*, const char*)’
 extern int strcmp (const char *__s1, const char *__s2)
            ^~~~~~
../src/ITPHController.cpp:73:55: let op: invalid conversion from ‘uint8_t* {aka unsigned char*}’ to ‘char*’ [-fpermissive]
    sprintf(cmpName, "LED Controller (variant %02x)", i);
                                                       ^
In file included from /usr/include/c++/6.3.1/cstdio:42:0,
                 from /usr/include/c++/6.3.1/ext/string_conversions.h:43,
                 from /usr/include/c++/6.3.1/bits/basic_string.h:5417,
                 from /usr/include/c++/6.3.1/string:52,
                 from ../src/LedController.h:11,
                 from ../src/ITPHController.h:11,
                 from ../src/ITPHController.cpp:8:
/usr/include/stdio.h:367:12: note:   initializing argument 1 of ‘int sprintf(char*, const char*, ...)’
 extern int sprintf (char *__restrict __s,
            ^~~~~~~
../src/ITPHController.cpp:74:42: let op: invalid conversion from ‘uint8_t* {aka unsigned char*}’ to ‘const char*’ [-fpermissive]
    if (!strcmp(cmpName, string_descriptor)) {
                                          ^
In file included from ../src/ITPHController.cpp:10:0:
/usr/include/string.h:141:12: note:   initializing argument 1 of ‘int strcmp(const char*, const char*)’
 extern int strcmp (const char *__s1, const char *__s2)
            ^~~~~~
../src/ITPHController.cpp:74:42: let op: invalid conversion from ‘uint8_t* {aka unsigned char*}’ to ‘const char*’ [-fpermissive]
    if (!strcmp(cmpName, string_descriptor)) {
                                          ^
In file included from ../src/ITPHController.cpp:10:0:
/usr/include/string.h:141:12: note:   initializing argument 2 of ‘int strcmp(const char*, const char*)’
 extern int strcmp (const char *__s1, const char *__s2)
            ^~~~~~
make: *** [src/subdir.mk:29: src/ITPHController.o] Fout 1
16:36:56 **** Incremental Build of configuration Debug for project LED_Controller_Host ****
make all 
Building file: ../src/ITPHController.cpp
Invoking: GCC C++ Compiler
g++ -std=c++1y -I/usr/include/libusb-1.0/ -I"/home/andre/eclipse/LEDcontroller/_Common/Any/inc" -O0 -g3 -Wall -c -fmessage-length=0 -fpermissive -MMD -MP -MF"src/ITPHController.d" -MT"src/ITPHController.o" -o "src/ITPHController.o" "../src/ITPHController.cpp"
../src/ITPHController.cpp: In constructor ‘ITPHController::ITPHController(libusb_device*)’:
../src/ITPHController.cpp:21:6: fout: redeclaration of ‘int retval’
  int retval;
      ^~~~~~
../src/ITPHController.cpp:17:6: note: ‘int retval’ previously declared here
  int retval = libusb_open(dev, &handle);
      ^~~~~~
../src/ITPHController.cpp:27:17: fout: ambiguous overload for ‘operator=’ (operand types are ‘std::__cxx11::string {aka std::__cxx11::basic_string<char>}’ and ‘uint8_t [256] {aka unsigned char [256]}’)
  this->serial = serial;
                 ^~~~~~
In file included from /usr/include/c++/6.3.1/string:52:0,
                 from ../src/LedController.h:11,
                 from ../src/ITPHController.h:11,
                 from ../src/ITPHController.cpp:8:
/usr/include/c++/6.3.1/bits/basic_string.h:604:7: note: candidate: std::__cxx11::basic_string<_CharT, _Traits, _Alloc>& std::__cxx11::basic_string<_CharT, _Traits, _Alloc>::operator=(const _CharT*) [with _CharT = char; _Traits = std::char_traits<char>; _Alloc = std::allocator<char>] <near match>
       operator=(const _CharT* __s)
       ^~~~~~~~
/usr/include/c++/6.3.1/bits/basic_string.h:604:7: note:   conversion of argument 1 would be ill-formed:
../src/ITPHController.cpp:27:17: let op: invalid conversion from ‘uint8_t* {aka unsigned char*}’ to ‘const char*’ [-fpermissive]
  this->serial = serial;
                 ^~~~~~
In file included from /usr/include/c++/6.3.1/string:52:0,
                 from ../src/LedController.h:11,
                 from ../src/ITPHController.h:11,
                 from ../src/ITPHController.cpp:8:
/usr/include/c++/6.3.1/bits/basic_string.h:615:7: note: candidate: std::__cxx11::basic_string<_CharT, _Traits, _Alloc>& std::__cxx11::basic_string<_CharT, _Traits, _Alloc>::operator=(_CharT) [with _CharT = char; _Traits = std::char_traits<char>; _Alloc = std::allocator<char>] <near match>
       operator=(_CharT __c)
       ^~~~~~~~
/usr/include/c++/6.3.1/bits/basic_string.h:615:7: note:   conversion of argument 1 would be ill-formed:
../src/ITPHController.cpp:27:17: let op: invalid conversion from ‘uint8_t* {aka unsigned char*}’ to ‘char’ [-fpermissive]
  this->serial = serial;
                 ^~~~~~
../src/ITPHController.cpp: In static member function ‘static bool ITPHController::isSupportedDevice(libusb_device*)’:
../src/ITPHController.cpp:62:81: let op: invalid conversion from ‘uint8_t* {aka unsigned char*}’ to ‘const char*’ [-fpermissive]
   if (strcmp("The IT Philosoher (https://www.philosopher.it)", string_descriptor)) {
                                                                                 ^
In file included from ../src/ITPHController.cpp:10:0:
/usr/include/string.h:141:12: note:   initializing argument 2 of ‘int strcmp(const char*, const char*)’
 extern int strcmp (const char *__s1, const char *__s2)
            ^~~~~~
../src/ITPHController.cpp:73:55: let op: invalid conversion from ‘uint8_t* {aka unsigned char*}’ to ‘char*’ [-fpermissive]
    sprintf(cmpName, "LED Controller (variant %02x)", i);
                                                       ^
In file included from /usr/include/c++/6.3.1/cstdio:42:0,
                 from /usr/include/c++/6.3.1/ext/string_conversions.h:43,
                 from /usr/include/c++/6.3.1/bits/basic_string.h:5417,
                 from /usr/include/c++/6.3.1/string:52,
                 from ../src/LedController.h:11,
                 from ../src/ITPHController.h:11,
                 from ../src/ITPHController.cpp:8:
/usr/include/stdio.h:367:12: note:   initializing argument 1 of ‘int sprintf(char*, const char*, ...)’
 extern int sprintf (char *__restrict __s,
            ^~~~~~~
../src/ITPHController.cpp:74:42: let op: invalid conversion from ‘uint8_t* {aka unsigned char*}’ to ‘const char*’ [-fpermissive]
    if (!strcmp(cmpName, string_descriptor)) {
                                          ^
In file included from ../src/ITPHController.cpp:10:0:
/usr/include/string.h:141:12: note:   initializing argument 1 of ‘int strcmp(const char*, const char*)’
 extern int strcmp (const char *__s1, const char *__s2)
            ^~~~~~
../src/ITPHController.cpp:74:42: let op: invalid conversion from ‘uint8_t* {aka unsigned char*}’ to ‘const char*’ [-fpermissive]
    if (!strcmp(cmpName, string_descriptor)) {
                                          ^
In file included from ../src/ITPHController.cpp:10:0:
/usr/include/string.h:141:12: note:   initializing argument 2 of ‘int strcmp(const char*, const char*)’
 extern int strcmp (const char *__s1, const char *__s2)
            ^~~~~~
make: *** [src/subdir.mk:29: src/ITPHController.o] Fout 1
16:37:00 **** Incremental Build of configuration Debug for project LED_Controller_Host ****
make all 
Building file: ../src/ITPHController.cpp
Invoking: GCC C++ Compiler
g++ -std=c++1y -I/usr/include/libusb-1.0/ -I"/home/andre/eclipse/LEDcontroller/_Common/Any/inc" -O0 -g3 -Wall -c -fmessage-length=0 -fpermissive -MMD -MP -MF"src/ITPHController.d" -MT"src/ITPHController.o" -o "src/ITPHController.o" "../src/ITPHController.cpp"
../src/ITPHController.cpp: In constructor ‘ITPHController::ITPHController(libusb_device*)’:
../src/ITPHController.cpp:26:17: fout: ambiguous overload for ‘operator=’ (operand types are ‘std::__cxx11::string {aka std::__cxx11::basic_string<char>}’ and ‘uint8_t [256] {aka unsigned char [256]}’)
  this->serial = serial;
                 ^~~~~~
In file included from /usr/include/c++/6.3.1/string:52:0,
                 from ../src/LedController.h:11,
                 from ../src/ITPHController.h:11,
                 from ../src/ITPHController.cpp:8:
/usr/include/c++/6.3.1/bits/basic_string.h:604:7: note: candidate: std::__cxx11::basic_string<_CharT, _Traits, _Alloc>& std::__cxx11::basic_string<_CharT, _Traits, _Alloc>::operator=(const _CharT*) [with _CharT = char; _Traits = std::char_traits<char>; _Alloc = std::allocator<char>] <near match>
       operator=(const _CharT* __s)
       ^~~~~~~~
/usr/include/c++/6.3.1/bits/basic_string.h:604:7: note:   conversion of argument 1 would be ill-formed:
../src/ITPHController.cpp:26:17: let op: invalid conversion from ‘uint8_t* {aka unsigned char*}’ to ‘const char*’ [-fpermissive]
  this->serial = serial;
                 ^~~~~~
In file included from /usr/include/c++/6.3.1/string:52:0,
                 from ../src/LedController.h:11,
                 from ../src/ITPHController.h:11,
                 from ../src/ITPHController.cpp:8:
/usr/include/c++/6.3.1/bits/basic_string.h:615:7: note: candidate: std::__cxx11::basic_string<_CharT, _Traits, _Alloc>& std::__cxx11::basic_string<_CharT, _Traits, _Alloc>::operator=(_CharT) [with _CharT = char; _Traits = std::char_traits<char>; _Alloc = std::allocator<char>] <near match>
       operator=(_CharT __c)
       ^~~~~~~~
/usr/include/c++/6.3.1/bits/basic_string.h:615:7: note:   conversion of argument 1 would be ill-formed:
../src/ITPHController.cpp:26:17: let op: invalid conversion from ‘uint8_t* {aka unsigned char*}’ to ‘char’ [-fpermissive]
  this->serial = serial;
                 ^~~~~~
../src/ITPHController.cpp: In static member function ‘static bool ITPHController::isSupportedDevice(libusb_device*)’:
../src/ITPHController.cpp:61:81: let op: invalid conversion from ‘uint8_t* {aka unsigned char*}’ to ‘const char*’ [-fpermissive]
   if (strcmp("The IT Philosoher (https://www.philosopher.it)", string_descriptor)) {
                                                                                 ^
In file included from ../src/ITPHController.cpp:10:0:
/usr/include/string.h:141:12: note:   initializing argument 2 of ‘int strcmp(const char*, const char*)’
 extern int strcmp (const char *__s1, const char *__s2)
            ^~~~~~
../src/ITPHController.cpp:72:55: let op: invalid conversion from ‘uint8_t* {aka unsigned char*}’ to ‘char*’ [-fpermissive]
    sprintf(cmpName, "LED Controller (variant %02x)", i);
                                                       ^
In file included from /usr/include/c++/6.3.1/cstdio:42:0,
                 from /usr/include/c++/6.3.1/ext/string_conversions.h:43,
                 from /usr/include/c++/6.3.1/bits/basic_string.h:5417,
                 from /usr/include/c++/6.3.1/string:52,
                 from ../src/LedController.h:11,
                 from ../src/ITPHController.h:11,
                 from ../src/ITPHController.cpp:8:
/usr/include/stdio.h:367:12: note:   initializing argument 1 of ‘int sprintf(char*, const char*, ...)’
 extern int sprintf (char *__restrict __s,
            ^~~~~~~
../src/ITPHController.cpp:73:42: let op: invalid conversion from ‘uint8_t* {aka unsigned char*}’ to ‘const char*’ [-fpermissive]
    if (!strcmp(cmpName, string_descriptor)) {
                                          ^
In file included from ../src/ITPHController.cpp:10:0:
/usr/include/string.h:141:12: note:   initializing argument 1 of ‘int strcmp(const char*, const char*)’
 extern int strcmp (const char *__s1, const char *__s2)
            ^~~~~~
../src/ITPHController.cpp:73:42: let op: invalid conversion from ‘uint8_t* {aka unsigned char*}’ to ‘const char*’ [-fpermissive]
    if (!strcmp(cmpName, string_descriptor)) {
                                          ^
In file included from ../src/ITPHController.cpp:10:0:
/usr/include/string.h:141:12: note:   initializing argument 2 of ‘int strcmp(const char*, const char*)’
 extern int strcmp (const char *__s1, const char *__s2)
            ^~~~~~
make: *** [src/subdir.mk:29: src/ITPHController.o] Fout 1
16:37:31 **** Incremental Build of configuration Debug for project LED_Controller_Host ****
make all 
Building file: ../src/ITPHController.cpp
Invoking: GCC C++ Compiler
g++ -std=c++1y -I/usr/include/libusb-1.0/ -I"/home/andre/eclipse/LEDcontroller/_Common/Any/inc" -O0 -g3 -Wall -c -fmessage-length=0 -fpermissive -MMD -MP -MF"src/ITPHController.d" -MT"src/ITPHController.o" -o "src/ITPHController.o" "../src/ITPHController.cpp"
../src/ITPHController.cpp: In constructor ‘ITPHController::ITPHController(libusb_device*)’:
../src/ITPHController.cpp:26:30: fout: no matching function for call to ‘std::__cxx11::basic_string<char>::basic_string(uint8_t [256])’
  this->serial = string(serial);
                              ^
In file included from /usr/include/c++/6.3.1/string:52:0,
                 from ../src/LedController.h:11,
                 from ../src/ITPHController.h:11,
                 from ../src/ITPHController.cpp:8:
/usr/include/c++/6.3.1/bits/basic_string.h:549:9: note: candidate: template<class _InputIterator, class> std::__cxx11::basic_string<_CharT, _Traits, _Alloc>::basic_string(_InputIterator, _InputIterator, const _Alloc&)
         basic_string(_InputIterator __beg, _InputIterator __end,
         ^~~~~~~~~~~~
/usr/include/c++/6.3.1/bits/basic_string.h:549:9: note:   template argument deduction/substitution failed:
../src/ITPHController.cpp:26:30: note:   candidate expects 3 arguments, 1 provided
  this->serial = string(serial);
                              ^
In file included from /usr/include/c++/6.3.1/string:52:0,
                 from ../src/LedController.h:11,
                 from ../src/ITPHController.h:11,
                 from ../src/ITPHController.cpp:8:
/usr/include/c++/6.3.1/bits/basic_string.h:511:7: note: candidate: std::__cxx11::basic_string<_CharT, _Traits, _Alloc>::basic_string(std::__cxx11::basic_string<_CharT, _Traits, _Alloc>&&, const _Alloc&) [with _CharT = char; _Traits = std::char_traits<char>; _Alloc = std::allocator<char>]
       basic_string(basic_string&& __str, const _Alloc& __a)
       ^~~~~~~~~~~~
/usr/include/c++/6.3.1/bits/basic_string.h:511:7: note:   candidate expects 2 arguments, 1 provided
/usr/include/c++/6.3.1/bits/basic_string.h:507:7: note: candidate: std::__cxx11::basic_string<_CharT, _Traits, _Alloc>::basic_string(const std::__cxx11::basic_string<_CharT, _Traits, _Alloc>&, const _Alloc&) [with _CharT = char; _Traits = std::char_traits<char>; _Alloc = std::allocator<char>]
       basic_string(const basic_string& __str, const _Alloc& __a)
       ^~~~~~~~~~~~
/usr/include/c++/6.3.1/bits/basic_string.h:507:7: note:   candidate expects 2 arguments, 1 provided
/usr/include/c++/6.3.1/bits/basic_string.h:503:7: note: candidate: std::__cxx11::basic_string<_CharT, _Traits, _Alloc>::basic_string(std::initializer_list<_Tp>, const _Alloc&) [with _CharT = char; _Traits = std::char_traits<char>; _Alloc = std::allocator<char>]
       basic_string(initializer_list<_CharT> __l, const _Alloc& __a = _Alloc())
       ^~~~~~~~~~~~
/usr/include/c++/6.3.1/bits/basic_string.h:503:7: note:   no known conversion for argument 1 from ‘uint8_t [256] {aka unsigned char [256]}’ to ‘std::initializer_list<char>’
/usr/include/c++/6.3.1/bits/basic_string.h:476:7: note: candidate: std::__cxx11::basic_string<_CharT, _Traits, _Alloc>::basic_string(std::__cxx11::basic_string<_CharT, _Traits, _Alloc>&&) [with _CharT = char; _Traits = std::char_traits<char>; _Alloc = std::allocator<char>]
       basic_string(basic_string&& __str) noexcept
       ^~~~~~~~~~~~
/usr/include/c++/6.3.1/bits/basic_string.h:476:7: note:   no known conversion for argument 1 from ‘uint8_t [256] {aka unsigned char [256]}’ to ‘std::__cxx11::basic_string<char>&&’
/usr/include/c++/6.3.1/bits/basic_string.h:464:7: note: candidate: std::__cxx11::basic_string<_CharT, _Traits, _Alloc>::basic_string(std::__cxx11::basic_string<_CharT, _Traits, _Alloc>::size_type, _CharT, const _Alloc&) [with _CharT = char; _Traits = std::char_traits<char>; _Alloc = std::allocator<char>; std::__cxx11::basic_string<_CharT, _Traits, _Alloc>::size_type = long unsigned int]
       basic_string(size_type __n, _CharT __c, const _Alloc& __a = _Alloc())
       ^~~~~~~~~~~~
/usr/include/c++/6.3.1/bits/basic_string.h:464:7: note:   candidate expects 3 arguments, 1 provided
/usr/include/c++/6.3.1/bits/basic_string.h:454:7: note: candidate: std::__cxx11::basic_string<_CharT, _Traits, _Alloc>::basic_string(const _CharT*, const _Alloc&) [with _CharT = char; _Traits = std::char_traits<char>; _Alloc = std::allocator<char>] <near match>
       basic_string(const _CharT* __s, const _Alloc& __a = _Alloc())
       ^~~~~~~~~~~~
/usr/include/c++/6.3.1/bits/basic_string.h:454:7: note:   conversion of argument 1 would be ill-formed:
../src/ITPHController.cpp:26:30: let op: invalid conversion from ‘uint8_t* {aka unsigned char*}’ to ‘const char*’ [-fpermissive]
  this->serial = string(serial);
                              ^
In file included from /usr/include/c++/6.3.1/string:52:0,
                 from ../src/LedController.h:11,
                 from ../src/ITPHController.h:11,
                 from ../src/ITPHController.cpp:8:
/usr/include/c++/6.3.1/bits/basic_string.h:444:7: note: candidate: std::__cxx11::basic_string<_CharT, _Traits, _Alloc>::basic_string(const _CharT*, std::__cxx11::basic_string<_CharT, _Traits, _Alloc>::size_type, const _Alloc&) [with _CharT = char; _Traits = std::char_traits<char>; _Alloc = std::allocator<char>; std::__cxx11::basic_string<_CharT, _Traits, _Alloc>::size_type = long unsigned int]
       basic_string(const _CharT* __s, size_type __n,
       ^~~~~~~~~~~~
/usr/include/c++/6.3.1/bits/basic_string.h:444:7: note:   candidate expects 3 arguments, 1 provided
/usr/include/c++/6.3.1/bits/basic_string.h:426:7: note: candidate: std::__cxx11::basic_string<_CharT, _Traits, _Alloc>::basic_string(const std::__cxx11::basic_string<_CharT, _Traits, _Alloc>&, std::__cxx11::basic_string<_CharT, _Traits, _Alloc>::size_type, std::__cxx11::basic_string<_CharT, _Traits, _Alloc>::size_type, const _Alloc&) [with _CharT = char; _Traits = std::char_traits<char>; _Alloc = std::allocator<char>; std::__cxx11::basic_string<_CharT, _Traits, _Alloc>::size_type = long unsigned int]
       basic_string(const basic_string& __str, size_type __pos,
       ^~~~~~~~~~~~
/usr/include/c++/6.3.1/bits/basic_string.h:426:7: note:   candidate expects 4 arguments, 1 provided
/usr/include/c++/6.3.1/bits/basic_string.h:410:7: note: candidate: std::__cxx11::basic_string<_CharT, _Traits, _Alloc>::basic_string(const std::__cxx11::basic_string<_CharT, _Traits, _Alloc>&, std::__cxx11::basic_string<_CharT, _Traits, _Alloc>::size_type, std::__cxx11::basic_string<_CharT, _Traits, _Alloc>::size_type) [with _CharT = char; _Traits = std::char_traits<char>; _Alloc = std::allocator<char>; std::__cxx11::basic_string<_CharT, _Traits, _Alloc>::size_type = long unsigned int]
       basic_string(const basic_string& __str, size_type __pos,
       ^~~~~~~~~~~~
/usr/include/c++/6.3.1/bits/basic_string.h:410:7: note:   candidate expects 3 arguments, 1 provided
/usr/include/c++/6.3.1/bits/basic_string.h:397:7: note: candidate: std::__cxx11::basic_string<_CharT, _Traits, _Alloc>::basic_string(const std::__cxx11::basic_string<_CharT, _Traits, _Alloc>&) [with _CharT = char; _Traits = std::char_traits<char>; _Alloc = std::allocator<char>]
       basic_string(const basic_string& __str)
       ^~~~~~~~~~~~
/usr/include/c++/6.3.1/bits/basic_string.h:397:7: note:   no known conversion for argument 1 from ‘uint8_t [256] {aka unsigned char [256]}’ to ‘const std::__cxx11::basic_string<char>&’
/usr/include/c++/6.3.1/bits/basic_string.h:389:7: note: candidate: std::__cxx11::basic_string<_CharT, _Traits, _Alloc>::basic_string(const _Alloc&) [with _CharT = char; _Traits = std::char_traits<char>; _Alloc = std::allocator<char>]
       basic_string(const _Alloc& __a) _GLIBCXX_NOEXCEPT
       ^~~~~~~~~~~~
/usr/include/c++/6.3.1/bits/basic_string.h:389:7: note:   no known conversion for argument 1 from ‘uint8_t [256] {aka unsigned char [256]}’ to ‘const std::allocator<char>&’
/usr/include/c++/6.3.1/bits/basic_string.h:380:7: note: candidate: std::__cxx11::basic_string<_CharT, _Traits, _Alloc>::basic_string() [with _CharT = char; _Traits = std::char_traits<char>; _Alloc = std::allocator<char>]
       basic_string()
       ^~~~~~~~~~~~
/usr/include/c++/6.3.1/bits/basic_string.h:380:7: note:   candidate expects 0 arguments, 1 provided
../src/ITPHController.cpp: In static member function ‘static bool ITPHController::isSupportedDevice(libusb_device*)’:
../src/ITPHController.cpp:61:81: let op: invalid conversion from ‘uint8_t* {aka unsigned char*}’ to ‘const char*’ [-fpermissive]
   if (strcmp("The IT Philosoher (https://www.philosopher.it)", string_descriptor)) {
                                                                                 ^
In file included from ../src/ITPHController.cpp:10:0:
/usr/include/string.h:141:12: note:   initializing argument 2 of ‘int strcmp(const char*, const char*)’
 extern int strcmp (const char *__s1, const char *__s2)
            ^~~~~~
../src/ITPHController.cpp:72:55: let op: invalid conversion from ‘uint8_t* {aka unsigned char*}’ to ‘char*’ [-fpermissive]
    sprintf(cmpName, "LED Controller (variant %02x)", i);
                                                       ^
In file included from /usr/include/c++/6.3.1/cstdio:42:0,
                 from /usr/include/c++/6.3.1/ext/string_conversions.h:43,
                 from /usr/include/c++/6.3.1/bits/basic_string.h:5417,
                 from /usr/include/c++/6.3.1/string:52,
                 from ../src/LedController.h:11,
                 from ../src/ITPHController.h:11,
                 from ../src/ITPHController.cpp:8:
/usr/include/stdio.h:367:12: note:   initializing argument 1 of ‘int sprintf(char*, const char*, ...)’
 extern int sprintf (char *__restrict __s,
            ^~~~~~~
../src/ITPHController.cpp:73:42: let op: invalid conversion from ‘uint8_t* {aka unsigned char*}’ to ‘const char*’ [-fpermissive]
    if (!strcmp(cmpName, string_descriptor)) {
                                          ^
In file included from ../src/ITPHController.cpp:10:0:
/usr/include/string.h:141:12: note:   initializing argument 1 of ‘int strcmp(const char*, const char*)’
 extern int strcmp (const char *__s1, const char *__s2)
            ^~~~~~
../src/ITPHController.cpp:73:42: let op: invalid conversion from ‘uint8_t* {aka unsigned char*}’ to ‘const char*’ [-fpermissive]
    if (!strcmp(cmpName, string_descriptor)) {
                                          ^
In file included from ../src/ITPHController.cpp:10:0:
/usr/include/string.h:141:12: note:   initializing argument 2 of ‘int strcmp(const char*, const char*)’
 extern int strcmp (const char *__s1, const char *__s2)
            ^~~~~~
make: *** [src/subdir.mk:29: src/ITPHController.o] Fout 1
16:37:49 **** Incremental Build of configuration Debug for project LED_Controller_Host ****
make all 
Building file: ../src/ITPHController.cpp
Invoking: GCC C++ Compiler
g++ -std=c++1y -I/usr/include/libusb-1.0/ -I"/home/andre/eclipse/LEDcontroller/_Common/Any/inc" -O0 -g3 -Wall -c -fmessage-length=0 -fpermissive -MMD -MP -MF"src/ITPHController.d" -MT"src/ITPHController.o" -o "src/ITPHController.o" "../src/ITPHController.cpp"
../src/ITPHController.cpp: In constructor ‘ITPHController::ITPHController(libusb_device*)’:
../src/ITPHController.cpp:26:25: fout: no matching function for call to ‘std::__cxx11::basic_string<char>::basic_string(uint8_t [256])’
  this->serial = (string)serial;
                         ^~~~~~
In file included from /usr/include/c++/6.3.1/string:52:0,
                 from ../src/LedController.h:11,
                 from ../src/ITPHController.h:11,
                 from ../src/ITPHController.cpp:8:
/usr/include/c++/6.3.1/bits/basic_string.h:549:9: note: candidate: template<class _InputIterator, class> std::__cxx11::basic_string<_CharT, _Traits, _Alloc>::basic_string(_InputIterator, _InputIterator, const _Alloc&)
         basic_string(_InputIterator __beg, _InputIterator __end,
         ^~~~~~~~~~~~
/usr/include/c++/6.3.1/bits/basic_string.h:549:9: note:   template argument deduction/substitution failed:
../src/ITPHController.cpp:26:25: note:   candidate expects 3 arguments, 1 provided
  this->serial = (string)serial;
                         ^~~~~~
In file included from /usr/include/c++/6.3.1/string:52:0,
                 from ../src/LedController.h:11,
                 from ../src/ITPHController.h:11,
                 from ../src/ITPHController.cpp:8:
/usr/include/c++/6.3.1/bits/basic_string.h:511:7: note: candidate: std::__cxx11::basic_string<_CharT, _Traits, _Alloc>::basic_string(std::__cxx11::basic_string<_CharT, _Traits, _Alloc>&&, const _Alloc&) [with _CharT = char; _Traits = std::char_traits<char>; _Alloc = std::allocator<char>]
       basic_string(basic_string&& __str, const _Alloc& __a)
       ^~~~~~~~~~~~
/usr/include/c++/6.3.1/bits/basic_string.h:511:7: note:   candidate expects 2 arguments, 1 provided
/usr/include/c++/6.3.1/bits/basic_string.h:507:7: note: candidate: std::__cxx11::basic_string<_CharT, _Traits, _Alloc>::basic_string(const std::__cxx11::basic_string<_CharT, _Traits, _Alloc>&, const _Alloc&) [with _CharT = char; _Traits = std::char_traits<char>; _Alloc = std::allocator<char>]
       basic_string(const basic_string& __str, const _Alloc& __a)
       ^~~~~~~~~~~~
/usr/include/c++/6.3.1/bits/basic_string.h:507:7: note:   candidate expects 2 arguments, 1 provided
/usr/include/c++/6.3.1/bits/basic_string.h:503:7: note: candidate: std::__cxx11::basic_string<_CharT, _Traits, _Alloc>::basic_string(std::initializer_list<_Tp>, const _Alloc&) [with _CharT = char; _Traits = std::char_traits<char>; _Alloc = std::allocator<char>]
       basic_string(initializer_list<_CharT> __l, const _Alloc& __a = _Alloc())
       ^~~~~~~~~~~~
/usr/include/c++/6.3.1/bits/basic_string.h:503:7: note:   no known conversion for argument 1 from ‘uint8_t [256] {aka unsigned char [256]}’ to ‘std::initializer_list<char>’
/usr/include/c++/6.3.1/bits/basic_string.h:476:7: note: candidate: std::__cxx11::basic_string<_CharT, _Traits, _Alloc>::basic_string(std::__cxx11::basic_string<_CharT, _Traits, _Alloc>&&) [with _CharT = char; _Traits = std::char_traits<char>; _Alloc = std::allocator<char>]
       basic_string(basic_string&& __str) noexcept
       ^~~~~~~~~~~~
/usr/include/c++/6.3.1/bits/basic_string.h:476:7: note:   no known conversion for argument 1 from ‘uint8_t [256] {aka unsigned char [256]}’ to ‘std::__cxx11::basic_string<char>&&’
/usr/include/c++/6.3.1/bits/basic_string.h:464:7: note: candidate: std::__cxx11::basic_string<_CharT, _Traits, _Alloc>::basic_string(std::__cxx11::basic_string<_CharT, _Traits, _Alloc>::size_type, _CharT, const _Alloc&) [with _CharT = char; _Traits = std::char_traits<char>; _Alloc = std::allocator<char>; std::__cxx11::basic_string<_CharT, _Traits, _Alloc>::size_type = long unsigned int]
       basic_string(size_type __n, _CharT __c, const _Alloc& __a = _Alloc())
       ^~~~~~~~~~~~
/usr/include/c++/6.3.1/bits/basic_string.h:464:7: note:   candidate expects 3 arguments, 1 provided
/usr/include/c++/6.3.1/bits/basic_string.h:454:7: note: candidate: std::__cxx11::basic_string<_CharT, _Traits, _Alloc>::basic_string(const _CharT*, const _Alloc&) [with _CharT = char; _Traits = std::char_traits<char>; _Alloc = std::allocator<char>] <near match>
       basic_string(const _CharT* __s, const _Alloc& __a = _Alloc())
       ^~~~~~~~~~~~
/usr/include/c++/6.3.1/bits/basic_string.h:454:7: note:   conversion of argument 1 would be ill-formed:
../src/ITPHController.cpp:26:25: let op: invalid conversion from ‘uint8_t* {aka unsigned char*}’ to ‘const char*’ [-fpermissive]
  this->serial = (string)serial;
                         ^~~~~~
In file included from /usr/include/c++/6.3.1/string:52:0,
                 from ../src/LedController.h:11,
                 from ../src/ITPHController.h:11,
                 from ../src/ITPHController.cpp:8:
/usr/include/c++/6.3.1/bits/basic_string.h:444:7: note: candidate: std::__cxx11::basic_string<_CharT, _Traits, _Alloc>::basic_string(const _CharT*, std::__cxx11::basic_string<_CharT, _Traits, _Alloc>::size_type, const _Alloc&) [with _CharT = char; _Traits = std::char_traits<char>; _Alloc = std::allocator<char>; std::__cxx11::basic_string<_CharT, _Traits, _Alloc>::size_type = long unsigned int]
       basic_string(const _CharT* __s, size_type __n,
       ^~~~~~~~~~~~
/usr/include/c++/6.3.1/bits/basic_string.h:444:7: note:   candidate expects 3 arguments, 1 provided
/usr/include/c++/6.3.1/bits/basic_string.h:426:7: note: candidate: std::__cxx11::basic_string<_CharT, _Traits, _Alloc>::basic_string(const std::__cxx11::basic_string<_CharT, _Traits, _Alloc>&, std::__cxx11::basic_string<_CharT, _Traits, _Alloc>::size_type, std::__cxx11::basic_string<_CharT, _Traits, _Alloc>::size_type, const _Alloc&) [with _CharT = char; _Traits = std::char_traits<char>; _Alloc = std::allocator<char>; std::__cxx11::basic_string<_CharT, _Traits, _Alloc>::size_type = long unsigned int]
       basic_string(const basic_string& __str, size_type __pos,
       ^~~~~~~~~~~~
/usr/include/c++/6.3.1/bits/basic_string.h:426:7: note:   candidate expects 4 arguments, 1 provided
/usr/include/c++/6.3.1/bits/basic_string.h:410:7: note: candidate: std::__cxx11::basic_string<_CharT, _Traits, _Alloc>::basic_string(const std::__cxx11::basic_string<_CharT, _Traits, _Alloc>&, std::__cxx11::basic_string<_CharT, _Traits, _Alloc>::size_type, std::__cxx11::basic_string<_CharT, _Traits, _Alloc>::size_type) [with _CharT = char; _Traits = std::char_traits<char>; _Alloc = std::allocator<char>; std::__cxx11::basic_string<_CharT, _Traits, _Alloc>::size_type = long unsigned int]
       basic_string(const basic_string& __str, size_type __pos,
       ^~~~~~~~~~~~
/usr/include/c++/6.3.1/bits/basic_string.h:410:7: note:   candidate expects 3 arguments, 1 provided
/usr/include/c++/6.3.1/bits/basic_string.h:397:7: note: candidate: std::__cxx11::basic_string<_CharT, _Traits, _Alloc>::basic_string(const std::__cxx11::basic_string<_CharT, _Traits, _Alloc>&) [with _CharT = char; _Traits = std::char_traits<char>; _Alloc = std::allocator<char>]
       basic_string(const basic_string& __str)
       ^~~~~~~~~~~~
/usr/include/c++/6.3.1/bits/basic_string.h:397:7: note:   no known conversion for argument 1 from ‘uint8_t [256] {aka unsigned char [256]}’ to ‘const std::__cxx11::basic_string<char>&’
/usr/include/c++/6.3.1/bits/basic_string.h:389:7: note: candidate: std::__cxx11::basic_string<_CharT, _Traits, _Alloc>::basic_string(const _Alloc&) [with _CharT = char; _Traits = std::char_traits<char>; _Alloc = std::allocator<char>]
       basic_string(const _Alloc& __a) _GLIBCXX_NOEXCEPT
       ^~~~~~~~~~~~
/usr/include/c++/6.3.1/bits/basic_string.h:389:7: note:   no known conversion for argument 1 from ‘uint8_t [256] {aka unsigned char [256]}’ to ‘const std::allocator<char>&’
/usr/include/c++/6.3.1/bits/basic_string.h:380:7: note: candidate: std::__cxx11::basic_string<_CharT, _Traits, _Alloc>::basic_string() [with _CharT = char; _Traits = std::char_traits<char>; _Alloc = std::allocator<char>]
       basic_string()
       ^~~~~~~~~~~~
/usr/include/c++/6.3.1/bits/basic_string.h:380:7: note:   candidate expects 0 arguments, 1 provided
../src/ITPHController.cpp: In static member function ‘static bool ITPHController::isSupportedDevice(libusb_device*)’:
../src/ITPHController.cpp:61:81: let op: invalid conversion from ‘uint8_t* {aka unsigned char*}’ to ‘const char*’ [-fpermissive]
   if (strcmp("The IT Philosoher (https://www.philosopher.it)", string_descriptor)) {
                                                                                 ^
In file included from ../src/ITPHController.cpp:10:0:
/usr/include/string.h:141:12: note:   initializing argument 2 of ‘int strcmp(const char*, const char*)’
 extern int strcmp (const char *__s1, const char *__s2)
            ^~~~~~
../src/ITPHController.cpp:72:55: let op: invalid conversion from ‘uint8_t* {aka unsigned char*}’ to ‘char*’ [-fpermissive]
    sprintf(cmpName, "LED Controller (variant %02x)", i);
                                                       ^
In file included from /usr/include/c++/6.3.1/cstdio:42:0,
                 from /usr/include/c++/6.3.1/ext/string_conversions.h:43,
                 from /usr/include/c++/6.3.1/bits/basic_string.h:5417,
                 from /usr/include/c++/6.3.1/string:52,
                 from ../src/LedController.h:11,
                 from ../src/ITPHController.h:11,
                 from ../src/ITPHController.cpp:8:
/usr/include/stdio.h:367:12: note:   initializing argument 1 of ‘int sprintf(char*, const char*, ...)’
 extern int sprintf (char *__restrict __s,
            ^~~~~~~
../src/ITPHController.cpp:73:42: let op: invalid conversion from ‘uint8_t* {aka unsigned char*}’ to ‘const char*’ [-fpermissive]
    if (!strcmp(cmpName, string_descriptor)) {
                                          ^
In file included from ../src/ITPHController.cpp:10:0:
/usr/include/string.h:141:12: note:   initializing argument 1 of ‘int strcmp(const char*, const char*)’
 extern int strcmp (const char *__s1, const char *__s2)
            ^~~~~~
../src/ITPHController.cpp:73:42: let op: invalid conversion from ‘uint8_t* {aka unsigned char*}’ to ‘const char*’ [-fpermissive]
    if (!strcmp(cmpName, string_descriptor)) {
                                          ^
In file included from ../src/ITPHController.cpp:10:0:
/usr/include/string.h:141:12: note:   initializing argument 2 of ‘int strcmp(const char*, const char*)’
 extern int strcmp (const char *__s1, const char *__s2)
            ^~~~~~
make: *** [src/subdir.mk:29: src/ITPHController.o] Fout 1
16:38:48 **** Incremental Build of configuration Debug for project LED_Controller_Host ****
make all 
Building file: ../src/ITPHController.cpp
Invoking: GCC C++ Compiler
g++ -std=c++1y -I/usr/include/libusb-1.0/ -I"/home/andre/eclipse/LEDcontroller/_Common/Any/inc" -O0 -g3 -Wall -c -fmessage-length=0 -fpermissive -MMD -MP -MF"src/ITPHController.d" -MT"src/ITPHController.o" -o "src/ITPHController.o" "../src/ITPHController.cpp"
../src/ITPHController.cpp: In constructor ‘ITPHController::ITPHController(libusb_device*)’:
../src/ITPHController.cpp:17:6: let op: variable ‘retval’ set but not used [-Wunused-but-set-variable]
  int retval = libusb_open(dev, &handle);
      ^~~~~~
../src/ITPHController.cpp: In static member function ‘static bool ITPHController::isSupportedDevice(libusb_device*)’:
../src/ITPHController.cpp:61:81: let op: invalid conversion from ‘uint8_t* {aka unsigned char*}’ to ‘const char*’ [-fpermissive]
   if (strcmp("The IT Philosoher (https://www.philosopher.it)", string_descriptor)) {
                                                                                 ^
In file included from ../src/ITPHController.cpp:10:0:
/usr/include/string.h:141:12: note:   initializing argument 2 of ‘int strcmp(const char*, const char*)’
 extern int strcmp (const char *__s1, const char *__s2)
            ^~~~~~
../src/ITPHController.cpp:72:55: let op: invalid conversion from ‘uint8_t* {aka unsigned char*}’ to ‘char*’ [-fpermissive]
    sprintf(cmpName, "LED Controller (variant %02x)", i);
                                                       ^
In file included from /usr/include/c++/6.3.1/cstdio:42:0,
                 from /usr/include/c++/6.3.1/ext/string_conversions.h:43,
                 from /usr/include/c++/6.3.1/bits/basic_string.h:5417,
                 from /usr/include/c++/6.3.1/string:52,
                 from ../src/LedController.h:11,
                 from ../src/ITPHController.h:11,
                 from ../src/ITPHController.cpp:8:
/usr/include/stdio.h:367:12: note:   initializing argument 1 of ‘int sprintf(char*, const char*, ...)’
 extern int sprintf (char *__restrict __s,
            ^~~~~~~
../src/ITPHController.cpp:73:42: let op: invalid conversion from ‘uint8_t* {aka unsigned char*}’ to ‘const char*’ [-fpermissive]
    if (!strcmp(cmpName, string_descriptor)) {
                                          ^
In file included from ../src/ITPHController.cpp:10:0:
/usr/include/string.h:141:12: note:   initializing argument 1 of ‘int strcmp(const char*, const char*)’
 extern int strcmp (const char *__s1, const char *__s2)
            ^~~~~~
../src/ITPHController.cpp:73:42: let op: invalid conversion from ‘uint8_t* {aka unsigned char*}’ to ‘const char*’ [-fpermissive]
    if (!strcmp(cmpName, string_descriptor)) {
                                          ^
In file included from ../src/ITPHController.cpp:10:0:
/usr/include/string.h:141:12: note:   initializing argument 2 of ‘int strcmp(const char*, const char*)’
 extern int strcmp (const char *__s1, const char *__s2)
            ^~~~~~
Finished building: ../src/ITPHController.cpp
 
Building target: LED_Controller_Host
Invoking: GCC C++ Linker
g++  -o "LED_Controller_Host"  ./src/DeviceManager.o ./src/ITPHController.o ./src/LedController.o ./src/main.o   -lusb-1.0
/usr/lib/gcc/x86_64-pc-linux-gnu/6.3.1/../../../../lib/crt1.o: In function `_start':
(.text+0x20): undefined reference to `main'
collect2: fout: ld gaf exit-status 1 terug
make: *** [makefile:47: LED_Controller_Host] Fout 1
16:40:11 **** Incremental Build of configuration Debug for project LED_Controller_Host ****
make all 
Building file: ../src/main.cpp
Invoking: GCC C++ Compiler
g++ -std=c++1y -I/usr/include/libusb-1.0/ -I"/home/andre/eclipse/LEDcontroller/_Common/Any/inc" -O0 -g3 -Wall -c -fmessage-length=0 -fpermissive -MMD -MP -MF"src/main.d" -MT"src/main.o" -o "src/main.o" "../src/main.cpp"
../src/main.cpp: In functie ‘int main(int, char**)’:
../src/main.cpp:12:17: let op: unused variable ‘dm’ [-Wunused-variable]
  DeviceManager *dm = new DeviceManager();
                 ^~
Finished building: ../src/main.cpp
 
Building target: LED_Controller_Host
Invoking: GCC C++ Linker
g++  -o "LED_Controller_Host"  ./src/DeviceManager.o ./src/ITPHController.o ./src/LedController.o ./src/main.o   -lusb-1.0
Finished building target: LED_Controller_Host
 
16:40:28 **** Incremental Build of configuration Debug for project LED_Controller_Host ****
make all 
make: Er hoeft niets gedaan te worden voor 'all'.
16:41:34 **** Incremental Build of configuration Debug for project LED_Controller_Host ****
make all 
Building file: ../src/DeviceManager.cpp
Invoking: GCC C++ Compiler
g++ -std=c++1y -I/usr/include/libusb-1.0/ -I"/home/andre/eclipse/LEDcontroller/_Common/Any/inc" -O0 -g3 -Wall -c -fmessage-length=0 -fpermissive -MMD -MP -MF"src/DeviceManager.d" -MT"src/DeviceManager.o" -o "src/DeviceManager.o" "../src/DeviceManager.cpp"
../src/DeviceManager.cpp: In constructor ‘DeviceManager::DeviceManager()’:
../src/DeviceManager.cpp:17:83: let op: invalid conversion from ‘int’ to ‘libusb_hotplug_event’ [-fpermissive]
  res = libusb_hotplug_register_callback(NULL, LIBUSB_HOTPLUG_EVENT_DEVICE_ARRIVED |
                                               ~~~~~~~~~~~~~~~~~~~~~~~~~~~~~~~~~~~~^
    LIBUSB_HOTPLUG_EVENT_DEVICE_LEFT, 0, LIBUSB_HOTPLUG_MATCH_ANY, LIBUSB_HOTPLUG_MATCH_ANY,
    ~~~~~~~~~~~~~~~~~~~~~~~~~~~~~~~~                                                
In file included from ../src/LedController.h:12:0,
                 from ../src/DeviceManager.h:14,
                 from ../src/DeviceManager.cpp:8:
/usr/include/libusb-1.0/libusb.h:1981:17: note:   initializing argument 2 of ‘int libusb_hotplug_register_callback(libusb_context*, libusb_hotplug_event, libusb_hotplug_flag, int, int, int, libusb_hotplug_callback_fn, void*, libusb_hotplug_callback_handle*)’
 int LIBUSB_CALL libusb_hotplug_register_callback(libusb_context *ctx,
                 ^~~~~~~~~~~~~~~~~~~~~~~~~~~~~~~~
../src/DeviceManager.cpp:20:11: let op: invalid conversion from ‘int’ to ‘libusb_hotplug_flag’ [-fpermissive]
    &handle);
           ^
In file included from ../src/LedController.h:12:0,
                 from ../src/DeviceManager.h:14,
                 from ../src/DeviceManager.cpp:8:
/usr/include/libusb-1.0/libusb.h:1981:17: note:   initializing argument 3 of ‘int libusb_hotplug_register_callback(libusb_context*, libusb_hotplug_event, libusb_hotplug_flag, int, int, int, libusb_hotplug_callback_fn, void*, libusb_hotplug_callback_handle*)’
 int LIBUSB_CALL libusb_hotplug_register_callback(libusb_context *ctx,
                 ^~~~~~~~~~~~~~~~~~~~~~~~~~~~~~~~
Finished building: ../src/DeviceManager.cpp
 
Building target: LED_Controller_Host
Invoking: GCC C++ Linker
g++  -o "LED_Controller_Host"  ./src/DeviceManager.o ./src/ITPHController.o ./src/LedController.o ./src/main.o   -lusb-1.0
Finished building target: LED_Controller_Host
 
16:43:26 **** Incremental Build of configuration Debug for project LED_Controller_Host ****
make all 
make: Er hoeft niets gedaan te worden voor 'all'.
16:43:29 **** Incremental Build of configuration Debug for project LED_Controller_Host ****
make all 
make: Er hoeft niets gedaan te worden voor 'all'.
16:45:33 **** Incremental Build of configuration Debug for project LED_Controller_Host ****
make all 
Building file: ../src/DeviceManager.cpp
Invoking: GCC C++ Compiler
g++ -std=c++1y -I/usr/include/libusb-1.0/ -I"/home/andre/eclipse/LEDcontroller/_Common/Any/inc" -O0 -g3 -Wall -c -fmessage-length=0 -fpermissive -MMD -MP -MF"src/DeviceManager.d" -MT"src/DeviceManager.o" -o "src/DeviceManager.o" "../src/DeviceManager.cpp"
../src/DeviceManager.cpp: In constructor ‘DeviceManager::DeviceManager()’:
../src/DeviceManager.cpp:17:82: let op: invalid conversion from ‘int’ to ‘libusb_hotplug_event’ [-fpermissive]
  res = libusb_hotplug_register_callback(ctx, LIBUSB_HOTPLUG_EVENT_DEVICE_ARRIVED |
                                              ~~~~~~~~~~~~~~~~~~~~~~~~~~~~~~~~~~~~^
    LIBUSB_HOTPLUG_EVENT_DEVICE_LEFT, 0, LIBUSB_HOTPLUG_MATCH_ANY, LIBUSB_HOTPLUG_MATCH_ANY,
    ~~~~~~~~~~~~~~~~~~~~~~~~~~~~~~~~                                               
In file included from ../src/LedController.h:12:0,
                 from ../src/DeviceManager.h:14,
                 from ../src/DeviceManager.cpp:8:
/usr/include/libusb-1.0/libusb.h:1981:17: note:   initializing argument 2 of ‘int libusb_hotplug_register_callback(libusb_context*, libusb_hotplug_event, libusb_hotplug_flag, int, int, int, libusb_hotplug_callback_fn, void*, libusb_hotplug_callback_handle*)’
 int LIBUSB_CALL libusb_hotplug_register_callback(libusb_context *ctx,
                 ^~~~~~~~~~~~~~~~~~~~~~~~~~~~~~~~
../src/DeviceManager.cpp:20:11: let op: invalid conversion from ‘int’ to ‘libusb_hotplug_flag’ [-fpermissive]
    &handle);
           ^
In file included from ../src/LedController.h:12:0,
                 from ../src/DeviceManager.h:14,
                 from ../src/DeviceManager.cpp:8:
/usr/include/libusb-1.0/libusb.h:1981:17: note:   initializing argument 3 of ‘int libusb_hotplug_register_callback(libusb_context*, libusb_hotplug_event, libusb_hotplug_flag, int, int, int, libusb_hotplug_callback_fn, void*, libusb_hotplug_callback_handle*)’
 int LIBUSB_CALL libusb_hotplug_register_callback(libusb_context *ctx,
                 ^~~~~~~~~~~~~~~~~~~~~~~~~~~~~~~~
Finished building: ../src/DeviceManager.cpp
 
Building target: LED_Controller_Host
Invoking: GCC C++ Linker
g++  -o "LED_Controller_Host"  ./src/DeviceManager.o ./src/ITPHController.o ./src/LedController.o ./src/main.o   -lusb-1.0
Finished building target: LED_Controller_Host
 
16:48:02 **** Incremental Build of configuration Debug for project LED_Controller_Host ****
make all 
Building file: ../src/DeviceManager.cpp
Invoking: GCC C++ Compiler
g++ -std=c++1y -I/usr/include/libusb-1.0/ -I"/home/andre/eclipse/LEDcontroller/_Common/Any/inc" -O0 -g3 -Wall -c -fmessage-length=0 -fpermissive -MMD -MP -MF"src/DeviceManager.d" -MT"src/DeviceManager.o" -o "src/DeviceManager.o" "../src/DeviceManager.cpp"
../src/DeviceManager.cpp: In constructor ‘DeviceManager::DeviceManager()’:
../src/DeviceManager.cpp:17:82: let op: invalid conversion from ‘int’ to ‘libusb_hotplug_event’ [-fpermissive]
  res = libusb_hotplug_register_callback(ctx, LIBUSB_HOTPLUG_EVENT_DEVICE_ARRIVED |
                                              ~~~~~~~~~~~~~~~~~~~~~~~~~~~~~~~~~~~~^
    LIBUSB_HOTPLUG_EVENT_DEVICE_LEFT, LIBUSB_HOTPLUG_ENUMERATE, LIBUSB_HOTPLUG_MATCH_ANY, LIBUSB_HOTPLUG_MATCH_ANY,
    ~~~~~~~~~~~~~~~~~~~~~~~~~~~~~~~~                                               
In file included from ../src/LedController.h:12:0,
                 from ../src/DeviceManager.h:14,
                 from ../src/DeviceManager.cpp:8:
/usr/include/libusb-1.0/libusb.h:1981:17: note:   initializing argument 2 of ‘int libusb_hotplug_register_callback(libusb_context*, libusb_hotplug_event, libusb_hotplug_flag, int, int, int, libusb_hotplug_callback_fn, void*, libusb_hotplug_callback_handle*)’
 int LIBUSB_CALL libusb_hotplug_register_callback(libusb_context *ctx,
                 ^~~~~~~~~~~~~~~~~~~~~~~~~~~~~~~~
Finished building: ../src/DeviceManager.cpp
 
Building target: LED_Controller_Host
Invoking: GCC C++ Linker
g++  -o "LED_Controller_Host"  ./src/DeviceManager.o ./src/ITPHController.o ./src/LedController.o ./src/main.o   -lusb-1.0
Finished building target: LED_Controller_Host
 
16:55:43 **** Incremental Build of configuration Debug for project LED_Controller_Host ****
make all 
Building file: ../src/DeviceManager.cpp
Invoking: GCC C++ Compiler
g++ -std=c++1y -I/usr/include/libusb-1.0/ -I"/home/andre/eclipse/LEDcontroller/_Common/Any/inc" -O0 -g3 -Wall -c -fmessage-length=0 -fpermissive -MMD -MP -MF"src/DeviceManager.d" -MT"src/DeviceManager.o" -o "src/DeviceManager.o" "../src/DeviceManager.cpp"
../src/DeviceManager.cpp: In constructor ‘DeviceManager::DeviceManager()’:
../src/DeviceManager.cpp:17:82: let op: invalid conversion from ‘int’ to ‘libusb_hotplug_event’ [-fpermissive]
  res = libusb_hotplug_register_callback(ctx, LIBUSB_HOTPLUG_EVENT_DEVICE_ARRIVED |
                                              ~~~~~~~~~~~~~~~~~~~~~~~~~~~~~~~~~~~~^
    LIBUSB_HOTPLUG_EVENT_DEVICE_LEFT, LIBUSB_HOTPLUG_ENUMERATE, LIBUSB_HOTPLUG_MATCH_ANY, LIBUSB_HOTPLUG_MATCH_ANY,
    ~~~~~~~~~~~~~~~~~~~~~~~~~~~~~~~~                                               
In file included from ../src/LedController.h:12:0,
                 from ../src/DeviceManager.h:14,
                 from ../src/DeviceManager.cpp:8:
/usr/include/libusb-1.0/libusb.h:1981:17: note:   initializing argument 2 of ‘int libusb_hotplug_register_callback(libusb_context*, libusb_hotplug_event, libusb_hotplug_flag, int, int, int, libusb_hotplug_callback_fn, void*, libusb_hotplug_callback_handle*)’
 int LIBUSB_CALL libusb_hotplug_register_callback(libusb_context *ctx,
                 ^~~~~~~~~~~~~~~~~~~~~~~~~~~~~~~~
../src/DeviceManager.cpp: At global scope:
../src/DeviceManager.cpp:30:26: fout: no ‘void DeviceManager::poll()’ member function declared in class ‘DeviceManager’
 void DeviceManager::poll() {
                          ^
make: *** [src/subdir.mk:29: src/DeviceManager.o] Fout 1
16:56:09 **** Incremental Build of configuration Debug for project LED_Controller_Host ****
make all 
Building file: ../src/DeviceManager.cpp
Invoking: GCC C++ Compiler
g++ -std=c++1y -I/usr/include/libusb-1.0/ -I"/home/andre/eclipse/LEDcontroller/_Common/Any/inc" -O0 -g3 -Wall -c -fmessage-length=0 -fpermissive -MMD -MP -MF"src/DeviceManager.d" -MT"src/DeviceManager.o" -o "src/DeviceManager.o" "../src/DeviceManager.cpp"
../src/DeviceManager.cpp: In constructor ‘DeviceManager::DeviceManager()’:
../src/DeviceManager.cpp:17:82: let op: invalid conversion from ‘int’ to ‘libusb_hotplug_event’ [-fpermissive]
  res = libusb_hotplug_register_callback(ctx, LIBUSB_HOTPLUG_EVENT_DEVICE_ARRIVED |
                                              ~~~~~~~~~~~~~~~~~~~~~~~~~~~~~~~~~~~~^
    LIBUSB_HOTPLUG_EVENT_DEVICE_LEFT, LIBUSB_HOTPLUG_ENUMERATE, LIBUSB_HOTPLUG_MATCH_ANY, LIBUSB_HOTPLUG_MATCH_ANY,
    ~~~~~~~~~~~~~~~~~~~~~~~~~~~~~~~~                                               
In file included from ../src/LedController.h:12:0,
                 from ../src/DeviceManager.h:14,
                 from ../src/DeviceManager.cpp:8:
/usr/include/libusb-1.0/libusb.h:1981:17: note:   initializing argument 2 of ‘int libusb_hotplug_register_callback(libusb_context*, libusb_hotplug_event, libusb_hotplug_flag, int, int, int, libusb_hotplug_callback_fn, void*, libusb_hotplug_callback_handle*)’
 int LIBUSB_CALL libusb_hotplug_register_callback(libusb_context *ctx,
                 ^~~~~~~~~~~~~~~~~~~~~~~~~~~~~~~~
../src/DeviceManager.cpp: In memberfunctie ‘void DeviceManager::poll()’:
../src/DeviceManager.cpp:31:38: fout: ‘null’ was not declared in this scope
  libusb_handle_events_completed(ctx, null);
                                      ^~~~
make: *** [src/subdir.mk:29: src/DeviceManager.o] Fout 1
16:56:18 **** Incremental Build of configuration Debug for project LED_Controller_Host ****
make all 
Building file: ../src/DeviceManager.cpp
Invoking: GCC C++ Compiler
g++ -std=c++1y -I/usr/include/libusb-1.0/ -I"/home/andre/eclipse/LEDcontroller/_Common/Any/inc" -O0 -g3 -Wall -c -fmessage-length=0 -fpermissive -MMD -MP -MF"src/DeviceManager.d" -MT"src/DeviceManager.o" -o "src/DeviceManager.o" "../src/DeviceManager.cpp"
../src/DeviceManager.cpp: In constructor ‘DeviceManager::DeviceManager()’:
../src/DeviceManager.cpp:17:82: let op: invalid conversion from ‘int’ to ‘libusb_hotplug_event’ [-fpermissive]
  res = libusb_hotplug_register_callback(ctx, LIBUSB_HOTPLUG_EVENT_DEVICE_ARRIVED |
                                              ~~~~~~~~~~~~~~~~~~~~~~~~~~~~~~~~~~~~^
    LIBUSB_HOTPLUG_EVENT_DEVICE_LEFT, LIBUSB_HOTPLUG_ENUMERATE, LIBUSB_HOTPLUG_MATCH_ANY, LIBUSB_HOTPLUG_MATCH_ANY,
    ~~~~~~~~~~~~~~~~~~~~~~~~~~~~~~~~                                               
In file included from ../src/LedController.h:12:0,
                 from ../src/DeviceManager.h:14,
                 from ../src/DeviceManager.cpp:8:
/usr/include/libusb-1.0/libusb.h:1981:17: note:   initializing argument 2 of ‘int libusb_hotplug_register_callback(libusb_context*, libusb_hotplug_event, libusb_hotplug_flag, int, int, int, libusb_hotplug_callback_fn, void*, libusb_hotplug_callback_handle*)’
 int LIBUSB_CALL libusb_hotplug_register_callback(libusb_context *ctx,
                 ^~~~~~~~~~~~~~~~~~~~~~~~~~~~~~~~
Finished building: ../src/DeviceManager.cpp
 
Building file: ../src/main.cpp
Invoking: GCC C++ Compiler
g++ -std=c++1y -I/usr/include/libusb-1.0/ -I"/home/andre/eclipse/LEDcontroller/_Common/Any/inc" -O0 -g3 -Wall -c -fmessage-length=0 -fpermissive -MMD -MP -MF"src/main.d" -MT"src/main.o" -o "src/main.o" "../src/main.cpp"
../src/main.cpp: In functie ‘int main(int, char**)’:
../src/main.cpp:12:17: let op: unused variable ‘dm’ [-Wunused-variable]
  DeviceManager *dm = new DeviceManager();
                 ^~
Finished building: ../src/main.cpp
 
Building target: LED_Controller_Host
Invoking: GCC C++ Linker
g++  -o "LED_Controller_Host"  ./src/DeviceManager.o ./src/ITPHController.o ./src/LedController.o ./src/main.o   -lusb-1.0
Finished building target: LED_Controller_Host
 
16:56:39 **** Incremental Build of configuration Debug for project LED_Controller_Host ****
make all 
Building file: ../src/main.cpp
Invoking: GCC C++ Compiler
g++ -std=c++1y -I/usr/include/libusb-1.0/ -I"/home/andre/eclipse/LEDcontroller/_Common/Any/inc" -O0 -g3 -Wall -c -fmessage-length=0 -fpermissive -MMD -MP -MF"src/main.d" -MT"src/main.o" -o "src/main.o" "../src/main.cpp"
Finished building: ../src/main.cpp
 
Building target: LED_Controller_Host
Invoking: GCC C++ Linker
g++  -o "LED_Controller_Host"  ./src/DeviceManager.o ./src/ITPHController.o ./src/LedController.o ./src/main.o   -lusb-1.0
Finished building target: LED_Controller_Host
 
16:56:51 **** Incremental Build of configuration Debug for project LED_Controller_Host ****
make all 
make: Er hoeft niets gedaan te worden voor 'all'.
16:57:41 **** Incremental Build of configuration Debug for project LED_Controller_Host ****
make all 
make: Er hoeft niets gedaan te worden voor 'all'.
16:58:09 **** Incremental Build of configuration Debug for project LED_Controller_Host ****
make all 
make: Er hoeft niets gedaan te worden voor 'all'.
16:59:37 **** Incremental Build of configuration Debug for project LED_Controller_Host ****
make all 
Building file: ../src/DeviceManager.cpp
Invoking: GCC C++ Compiler
g++ -std=c++1y -I/usr/include/libusb-1.0/ -I"/home/andre/eclipse/LEDcontroller/_Common/Any/inc" -O0 -g3 -Wall -c -fmessage-length=0 -fpermissive -MMD -MP -MF"src/DeviceManager.d" -MT"src/DeviceManager.o" -o "src/DeviceManager.o" "../src/DeviceManager.cpp"
../src/DeviceManager.cpp: In constructor ‘DeviceManager::DeviceManager()’:
../src/DeviceManager.cpp:19:82: let op: invalid conversion from ‘int’ to ‘libusb_hotplug_event’ [-fpermissive]
  res = libusb_hotplug_register_callback(ctx, LIBUSB_HOTPLUG_EVENT_DEVICE_ARRIVED |
                                              ~~~~~~~~~~~~~~~~~~~~~~~~~~~~~~~~~~~~^
    LIBUSB_HOTPLUG_EVENT_DEVICE_LEFT, LIBUSB_HOTPLUG_ENUMERATE, LIBUSB_HOTPLUG_MATCH_ANY, LIBUSB_HOTPLUG_MATCH_ANY,
    ~~~~~~~~~~~~~~~~~~~~~~~~~~~~~~~~                                               
In file included from ../src/LedController.h:12:0,
                 from ../src/DeviceManager.h:14,
                 from ../src/DeviceManager.cpp:8:
/usr/include/libusb-1.0/libusb.h:1981:17: note:   initializing argument 2 of ‘int libusb_hotplug_register_callback(libusb_context*, libusb_hotplug_event, libusb_hotplug_flag, int, int, int, libusb_hotplug_callback_fn, void*, libusb_hotplug_callback_handle*)’
 int LIBUSB_CALL libusb_hotplug_register_callback(libusb_context *ctx,
                 ^~~~~~~~~~~~~~~~~~~~~~~~~~~~~~~~
Finished building: ../src/DeviceManager.cpp
 
Building target: LED_Controller_Host
Invoking: GCC C++ Linker
g++  -o "LED_Controller_Host"  ./src/DeviceManager.o ./src/ITPHController.o ./src/LedController.o ./src/main.o   -lusb-1.0
Finished building target: LED_Controller_Host
 
16:59:40 **** Incremental Build of configuration Debug for project LED_Controller_Host ****
make all 
make: Er hoeft niets gedaan te worden voor 'all'.
17:01:40 **** Incremental Build of configuration Debug for project LED_Controller_Host ****
make all 
Building file: ../src/ITPHController.cpp
Invoking: GCC C++ Compiler
g++ -std=c++1y -I/usr/include/libusb-1.0/ -I"/home/andre/eclipse/LEDcontroller/_Common/Any/inc" -O0 -g3 -Wall -c -fmessage-length=0 -fpermissive -MMD -MP -MF"src/ITPHController.d" -MT"src/ITPHController.o" -o "src/ITPHController.o" "../src/ITPHController.cpp"
../src/ITPHController.cpp: In constructor ‘ITPHController::ITPHController(libusb_device*)’:
../src/ITPHController.cpp:17:6: let op: variable ‘retval’ set but not used [-Wunused-but-set-variable]
  int retval = libusb_open(dev, &handle);
      ^~~~~~
../src/ITPHController.cpp: In static member function ‘static bool ITPHController::isSupportedDevice(libusb_device*)’:
../src/ITPHController.cpp:67:81: let op: invalid conversion from ‘uint8_t* {aka unsigned char*}’ to ‘const char*’ [-fpermissive]
   if (strcmp("The IT Philosoher (https://www.philosopher.it)", string_descriptor)) {
                                                                                 ^
In file included from ../src/ITPHController.cpp:10:0:
/usr/include/string.h:141:12: note:   initializing argument 2 of ‘int strcmp(const char*, const char*)’
 extern int strcmp (const char *__s1, const char *__s2)
            ^~~~~~
../src/ITPHController.cpp:85:55: let op: invalid conversion from ‘uint8_t* {aka unsigned char*}’ to ‘char*’ [-fpermissive]
    sprintf(cmpName, "LED Controller (variant %02x)", i);
                                                       ^
In file included from /usr/include/c++/6.3.1/cstdio:42:0,
                 from /usr/include/c++/6.3.1/ext/string_conversions.h:43,
                 from /usr/include/c++/6.3.1/bits/basic_string.h:5417,
                 from /usr/include/c++/6.3.1/string:52,
                 from ../src/LedController.h:11,
                 from ../src/ITPHController.h:11,
                 from ../src/ITPHController.cpp:8:
/usr/include/stdio.h:367:12: note:   initializing argument 1 of ‘int sprintf(char*, const char*, ...)’
 extern int sprintf (char *__restrict __s,
            ^~~~~~~
../src/ITPHController.cpp:86:42: let op: invalid conversion from ‘uint8_t* {aka unsigned char*}’ to ‘const char*’ [-fpermissive]
    if (!strcmp(cmpName, string_descriptor)) {
                                          ^
In file included from ../src/ITPHController.cpp:10:0:
/usr/include/string.h:141:12: note:   initializing argument 1 of ‘int strcmp(const char*, const char*)’
 extern int strcmp (const char *__s1, const char *__s2)
            ^~~~~~
../src/ITPHController.cpp:86:42: let op: invalid conversion from ‘uint8_t* {aka unsigned char*}’ to ‘const char*’ [-fpermissive]
    if (!strcmp(cmpName, string_descriptor)) {
                                          ^
In file included from ../src/ITPHController.cpp:10:0:
/usr/include/string.h:141:12: note:   initializing argument 2 of ‘int strcmp(const char*, const char*)’
 extern int strcmp (const char *__s1, const char *__s2)
            ^~~~~~
Finished building: ../src/ITPHController.cpp
 
Building target: LED_Controller_Host
Invoking: GCC C++ Linker
g++  -o "LED_Controller_Host"  ./src/DeviceManager.o ./src/ITPHController.o ./src/LedController.o ./src/main.o   -lusb-1.0
Finished building target: LED_Controller_Host
 
17:02:17 **** Incremental Build of configuration Debug for project LED_Controller_Host ****
make all 
Building file: ../src/DeviceManager.cpp
Invoking: GCC C++ Compiler
g++ -std=c++1y -I/usr/include/libusb-1.0/ -I"/home/andre/eclipse/LEDcontroller/_Common/Any/inc" -O0 -g3 -Wall -c -fmessage-length=0 -fpermissive -MMD -MP -MF"src/DeviceManager.d" -MT"src/DeviceManager.o" -o "src/DeviceManager.o" "../src/DeviceManager.cpp"
../src/DeviceManager.cpp: In constructor ‘DeviceManager::DeviceManager()’:
../src/DeviceManager.cpp:19:82: let op: invalid conversion from ‘int’ to ‘libusb_hotplug_event’ [-fpermissive]
  res = libusb_hotplug_register_callback(ctx, LIBUSB_HOTPLUG_EVENT_DEVICE_ARRIVED |
                                              ~~~~~~~~~~~~~~~~~~~~~~~~~~~~~~~~~~~~^
    LIBUSB_HOTPLUG_EVENT_DEVICE_LEFT, LIBUSB_HOTPLUG_ENUMERATE, LIBUSB_HOTPLUG_MATCH_ANY, LIBUSB_HOTPLUG_MATCH_ANY,
    ~~~~~~~~~~~~~~~~~~~~~~~~~~~~~~~~                                               
In file included from ../src/LedController.h:12:0,
                 from ../src/DeviceManager.h:14,
                 from ../src/DeviceManager.cpp:8:
/usr/include/libusb-1.0/libusb.h:1981:17: note:   initializing argument 2 of ‘int libusb_hotplug_register_callback(libusb_context*, libusb_hotplug_event, libusb_hotplug_flag, int, int, int, libusb_hotplug_callback_fn, void*, libusb_hotplug_callback_handle*)’
 int LIBUSB_CALL libusb_hotplug_register_callback(libusb_context *ctx,
                 ^~~~~~~~~~~~~~~~~~~~~~~~~~~~~~~~
Finished building: ../src/DeviceManager.cpp
 
Building target: LED_Controller_Host
Invoking: GCC C++ Linker
g++  -o "LED_Controller_Host"  ./src/DeviceManager.o ./src/ITPHController.o ./src/LedController.o ./src/main.o   -lusb-1.0
Finished building target: LED_Controller_Host
 
17:03:20 **** Incremental Build of configuration Debug for project LED_Controller_Host ****
make all 
make: Er hoeft niets gedaan te worden voor 'all'.
17:04:26 **** Incremental Build of configuration Debug for project LED_Controller_Host ****
make all 
Building file: ../src/DeviceManager.cpp
Invoking: GCC C++ Compiler
g++ -std=c++1y -I/usr/include/libusb-1.0/ -I"/home/andre/eclipse/LEDcontroller/_Common/Any/inc" -O0 -g3 -Wall -c -fmessage-length=0 -fpermissive -MMD -MP -MF"src/DeviceManager.d" -MT"src/DeviceManager.o" -o "src/DeviceManager.o" "../src/DeviceManager.cpp"
../src/DeviceManager.cpp: In constructor ‘DeviceManager::DeviceManager()’:
../src/DeviceManager.cpp:19:82: let op: invalid conversion from ‘int’ to ‘libusb_hotplug_event’ [-fpermissive]
  res = libusb_hotplug_register_callback(ctx, LIBUSB_HOTPLUG_EVENT_DEVICE_ARRIVED |
                                              ~~~~~~~~~~~~~~~~~~~~~~~~~~~~~~~~~~~~^
    LIBUSB_HOTPLUG_EVENT_DEVICE_LEFT, LIBUSB_HOTPLUG_ENUMERATE, LIBUSB_HOTPLUG_MATCH_ANY, LIBUSB_HOTPLUG_MATCH_ANY,
    ~~~~~~~~~~~~~~~~~~~~~~~~~~~~~~~~                                               
In file included from ../src/LedController.h:12:0,
                 from ../src/DeviceManager.h:14,
                 from ../src/DeviceManager.cpp:8:
/usr/include/libusb-1.0/libusb.h:1981:17: note:   initializing argument 2 of ‘int libusb_hotplug_register_callback(libusb_context*, libusb_hotplug_event, libusb_hotplug_flag, int, int, int, libusb_hotplug_callback_fn, void*, libusb_hotplug_callback_handle*)’
 int LIBUSB_CALL libusb_hotplug_register_callback(libusb_context *ctx,
                 ^~~~~~~~~~~~~~~~~~~~~~~~~~~~~~~~
Finished building: ../src/DeviceManager.cpp
 
Building target: LED_Controller_Host
Invoking: GCC C++ Linker
g++  -o "LED_Controller_Host"  ./src/DeviceManager.o ./src/ITPHController.o ./src/LedController.o ./src/main.o   -lusb-1.0
Finished building target: LED_Controller_Host
 
17:10:11 **** Incremental Build of configuration Debug for project LED_Controller_Host ****
make all 
Building file: ../src/DeviceManager.cpp
Invoking: GCC C++ Compiler
g++ -std=c++1y -I/usr/include/libusb-1.0/ -I"/home/andre/eclipse/LEDcontroller/_Common/Any/inc" -O0 -g3 -Wall -c -fmessage-length=0 -fpermissive -MMD -MP -MF"src/DeviceManager.d" -MT"src/DeviceManager.o" -o "src/DeviceManager.o" "../src/DeviceManager.cpp"
../src/DeviceManager.cpp: In constructor ‘DeviceManager::DeviceManager()’:
../src/DeviceManager.cpp:19:82: let op: invalid conversion from ‘int’ to ‘libusb_hotplug_event’ [-fpermissive]
  res = libusb_hotplug_register_callback(ctx, LIBUSB_HOTPLUG_EVENT_DEVICE_ARRIVED |
                                              ~~~~~~~~~~~~~~~~~~~~~~~~~~~~~~~~~~~~^
    LIBUSB_HOTPLUG_EVENT_DEVICE_LEFT, LIBUSB_HOTPLUG_ENUMERATE, LIBUSB_HOTPLUG_MATCH_ANY, LIBUSB_HOTPLUG_MATCH_ANY,
    ~~~~~~~~~~~~~~~~~~~~~~~~~~~~~~~~                                               
In file included from ../src/LedController.h:12:0,
                 from ../src/DeviceManager.h:14,
                 from ../src/DeviceManager.cpp:8:
/usr/include/libusb-1.0/libusb.h:1981:17: note:   initializing argument 2 of ‘int libusb_hotplug_register_callback(libusb_context*, libusb_hotplug_event, libusb_hotplug_flag, int, int, int, libusb_hotplug_callback_fn, void*, libusb_hotplug_callback_handle*)’
 int LIBUSB_CALL libusb_hotplug_register_callback(libusb_context *ctx,
                 ^~~~~~~~~~~~~~~~~~~~~~~~~~~~~~~~
Finished building: ../src/DeviceManager.cpp
 
Building target: LED_Controller_Host
Invoking: GCC C++ Linker
g++  -o "LED_Controller_Host"  ./src/DeviceManager.o ./src/ITPHController.o ./src/LedController.o ./src/main.o   -lusb-1.0
Finished building target: LED_Controller_Host
 
